----Inicio de Registro de Pedidos----
------------------------------------
 Cantidad de Pedidos en Preparacion: 0
 Cantidad de Pedidos en Transicion: 0
 Cantidad de Pedidos por Entregar: 0
 Cantidad de Pedidos Fallidos: 2
 Cantidad de Pedidos Verificados: 0
------------------------------------
 Cantidad de Pedidos en Preparacion: 4
 Cantidad de Pedidos en Transicion: 1
 Cantidad de Pedidos por Entregar: 0
 Cantidad de Pedidos Fallidos: 3
 Cantidad de Pedidos Verificados: 4
------------------------------------
 Cantidad de Pedidos en Preparacion: 6
 Cantidad de Pedidos en Transicion: 0
 Cantidad de Pedidos por Entregar: 3
 Cantidad de Pedidos Fallidos: 4
 Cantidad de Pedidos Verificados: 7
------------------------------------
 Cantidad de Pedidos en Preparacion: 9
 Cantidad de Pedidos en Transicion: 0
 Cantidad de Pedidos por Entregar: 5
 Cantidad de Pedidos Fallidos: 7
 Cantidad de Pedidos Verificados: 10
------------------------------------
 Cantidad de Pedidos en Preparacion: 12
 Cantidad de Pedidos en Transicion: 2
 Cantidad de Pedidos por Entregar: 3
 Cantidad de Pedidos Fallidos: 8
 Cantidad de Pedidos Verificados: 15
------------------------------------
 Cantidad de Pedidos en Preparacion: 14
 Cantidad de Pedidos en Transicion: 0
 Cantidad de Pedidos por Entregar: 6
 Cantidad de Pedidos Fallidos: 9
 Cantidad de Pedidos Verificados: 19
------------------------------------
 Cantidad de Pedidos en Preparacion: 20
 Cantidad de Pedidos en Transicion: 0
 Cantidad de Pedidos por Entregar: 7
 Cantidad de Pedidos Fallidos: 10
 Cantidad de Pedidos Verificados: 23
------------------------------------
 Cantidad de Pedidos en Preparacion: 21
 Cantidad de Pedidos en Transicion: 2
 Cantidad de Pedidos por Entregar: 7
 Cantidad de Pedidos Fallidos: 12
 Cantidad de Pedidos Verificados: 27
------------------------------------
 Cantidad de Pedidos en Preparacion: 22
 Cantidad de Pedidos en Transicion: 0
 Cantidad de Pedidos por Entregar: 10
 Cantidad de Pedidos Fallidos: 13
 Cantidad de Pedidos Verificados: 31
------------------------------------
 Cantidad de Pedidos en Preparacion: 26
 Cantidad de Pedidos en Transicion: 1
 Cantidad de Pedidos por Entregar: 9
 Cantidad de Pedidos Fallidos: 15
 Cantidad de Pedidos Verificados: 35
------------------------------------
 Cantidad de Pedidos en Preparacion: 27
 Cantidad de Pedidos en Transicion: 0
 Cantidad de Pedidos por Entregar: 9
 Cantidad de Pedidos Fallidos: 16
 Cantidad de Pedidos Verificados: 41
------------------------------------
 Cantidad de Pedidos en Preparacion: 28
 Cantidad de Pedidos en Transicion: 2
 Cantidad de Pedidos por Entregar: 10
 Cantidad de Pedidos Fallidos: 17
 Cantidad de Pedidos Verificados: 45
------------------------------------
 Cantidad de Pedidos en Preparacion: 28
 Cantidad de Pedidos en Transicion: 2
 Cantidad de Pedidos por Entregar: 12
 Cantidad de Pedidos Fallidos: 17
 Cantidad de Pedidos Verificados: 49
------------------------------------
 Cantidad de Pedidos en Preparacion: 28
 Cantidad de Pedidos en Transicion: 0
 Cantidad de Pedidos por Entregar: 12
 Cantidad de Pedidos Fallidos: 21
 Cantidad de Pedidos Verificados: 53
------------------------------------
 Cantidad de Pedidos en Preparacion: 31
 Cantidad de Pedidos en Transicion: 2
 Cantidad de Pedidos por Entregar: 12
 Cantidad de Pedidos Fallidos: 21
 Cantidad de Pedidos Verificados: 57
------------------------------------
 Cantidad de Pedidos en Preparacion: 31
 Cantidad de Pedidos en Transicion: 1
 Cantidad de Pedidos por Entregar: 15
 Cantidad de Pedidos Fallidos: 22
 Cantidad de Pedidos Verificados: 61
------------------------------------
 Cantidad de Pedidos en Preparacion: 28
 Cantidad de Pedidos en Transicion: 2
 Cantidad de Pedidos por Entregar: 13
 Cantidad de Pedidos Fallidos: 24
 Cantidad de Pedidos Verificados: 67
------------------------------------
 Cantidad de Pedidos en Preparacion: 28
 Cantidad de Pedidos en Transicion: 1
 Cantidad de Pedidos por Entregar: 15
 Cantidad de Pedidos Fallidos: 25
 Cantidad de Pedidos Verificados: 71
------------------------------------
 Cantidad de Pedidos en Preparacion: 31
 Cantidad de Pedidos en Transicion: 0
 Cantidad de Pedidos por Entregar: 18
 Cantidad de Pedidos Fallidos: 25
 Cantidad de Pedidos Verificados: 75
------------------------------------
 Cantidad de Pedidos en Preparacion: 31
 Cantidad de Pedidos en Transicion: 0
 Cantidad de Pedidos por Entregar: 19
 Cantidad de Pedidos Fallidos: 27
 Cantidad de Pedidos Verificados: 78
------------------------------------
 Cantidad de Pedidos en Preparacion: 33
 Cantidad de Pedidos en Transicion: 1
 Cantidad de Pedidos por Entregar: 21
 Cantidad de Pedidos Fallidos: 28
 Cantidad de Pedidos Verificados: 82
------------------------------------
 Cantidad de Pedidos en Preparacion: 36
 Cantidad de Pedidos en Transicion: 0
 Cantidad de Pedidos por Entregar: 20
 Cantidad de Pedidos Fallidos: 30
 Cantidad de Pedidos Verificados: 88
------------------------------------
 Cantidad de Pedidos en Preparacion: 34
 Cantidad de Pedidos en Transicion: 0
 Cantidad de Pedidos por Entregar: 21
 Cantidad de Pedidos Fallidos: 31
 Cantidad de Pedidos Verificados: 92
------------------------------------
 Cantidad de Pedidos en Preparacion: 34
 Cantidad de Pedidos en Transicion: 2
 Cantidad de Pedidos por Entregar: 21
 Cantidad de Pedidos Fallidos: 33
 Cantidad de Pedidos Verificados: 96
------------------------------------
 Cantidad de Pedidos en Preparacion: 36
 Cantidad de Pedidos en Transicion: 0
 Cantidad de Pedidos por Entregar: 21
 Cantidad de Pedidos Fallidos: 37
 Cantidad de Pedidos Verificados: 100
------------------------------------
 Cantidad de Pedidos en Preparacion: 33
 Cantidad de Pedidos en Transicion: 0
 Cantidad de Pedidos por Entregar: 21
 Cantidad de Pedidos Fallidos: 40
 Cantidad de Pedidos Verificados: 103
------------------------------------
 Cantidad de Pedidos en Preparacion: 32
 Cantidad de Pedidos en Transicion: 2
 Cantidad de Pedidos por Entregar: 19
 Cantidad de Pedidos Fallidos: 42
 Cantidad de Pedidos Verificados: 109
------------------------------------
 Cantidad de Pedidos en Preparacion: 33
 Cantidad de Pedidos en Transicion: 1
 Cantidad de Pedidos por Entregar: 21
 Cantidad de Pedidos Fallidos: 43
 Cantidad de Pedidos Verificados: 113
------------------------------------
 Cantidad de Pedidos en Preparacion: 36
 Cantidad de Pedidos en Transicion: 1
 Cantidad de Pedidos por Entregar: 22
 Cantidad de Pedidos Fallidos: 44
 Cantidad de Pedidos Verificados: 117
------------------------------------
 Cantidad de Pedidos en Preparacion: 38
 Cantidad de Pedidos en Transicion: 0
 Cantidad de Pedidos por Entregar: 24
 Cantidad de Pedidos Fallidos: 45
 Cantidad de Pedidos Verificados: 121
------------------------------------
 Cantidad de Pedidos en Preparacion: 41
 Cantidad de Pedidos en Transicion: 1
 Cantidad de Pedidos por Entregar: 24
 Cantidad de Pedidos Fallidos: 46
 Cantidad de Pedidos Verificados: 125
------------------------------------
 Cantidad de Pedidos en Preparacion: 42
 Cantidad de Pedidos en Transicion: 2
 Cantidad de Pedidos por Entregar: 26
 Cantidad de Pedidos Fallidos: 47
 Cantidad de Pedidos Verificados: 129
------------------------------------
 Cantidad de Pedidos en Preparacion: 43
 Cantidad de Pedidos en Transicion: 2
 Cantidad de Pedidos por Entregar: 23
 Cantidad de Pedidos Fallidos: 50
 Cantidad de Pedidos Verificados: 135
------------------------------------
 Cantidad de Pedidos en Preparacion: 44
 Cantidad de Pedidos en Transicion: 1
 Cantidad de Pedidos por Entregar: 26
 Cantidad de Pedidos Fallidos: 50
 Cantidad de Pedidos Verificados: 139
------------------------------------
 Cantidad de Pedidos en Preparacion: 43
 Cantidad de Pedidos en Transicion: 0
 Cantidad de Pedidos por Entregar: 27
 Cantidad de Pedidos Fallidos: 52
 Cantidad de Pedidos Verificados: 143
------------------------------------
 Cantidad de Pedidos en Preparacion: 43
 Cantidad de Pedidos en Transicion: 2
 Cantidad de Pedidos por Entregar: 28
 Cantidad de Pedidos Fallidos: 53
 Cantidad de Pedidos Verificados: 147
------------------------------------
 Cantidad de Pedidos en Preparacion: 42
 Cantidad de Pedidos en Transicion: 1
 Cantidad de Pedidos por Entregar: 30
 Cantidad de Pedidos Fallidos: 54
 Cantidad de Pedidos Verificados: 151
------------------------------------
 Cantidad de Pedidos en Preparacion: 42
 Cantidad de Pedidos en Transicion: 2
 Cantidad de Pedidos por Entregar: 30
 Cantidad de Pedidos Fallidos: 56
 Cantidad de Pedidos Verificados: 156
------------------------------------
 Cantidad de Pedidos en Preparacion: 43
 Cantidad de Pedidos en Transicion: 2
 Cantidad de Pedidos por Entregar: 31
 Cantidad de Pedidos Fallidos: 57
 Cantidad de Pedidos Verificados: 160
------------------------------------
 Cantidad de Pedidos en Preparacion: 43
 Cantidad de Pedidos en Transicion: 2
 Cantidad de Pedidos por Entregar: 32
 Cantidad de Pedidos Fallidos: 59
 Cantidad de Pedidos Verificados: 163
------------------------------------
 Cantidad de Pedidos en Preparacion: 46
 Cantidad de Pedidos en Transicion: 0
 Cantidad de Pedidos por Entregar: 34
 Cantidad de Pedidos Fallidos: 61
 Cantidad de Pedidos Verificados: 167
------------------------------------
 Cantidad de Pedidos en Preparacion: 47
 Cantidad de Pedidos en Transicion: 2
 Cantidad de Pedidos por Entregar: 33
 Cantidad de Pedidos Fallidos: 62
 Cantidad de Pedidos Verificados: 173
------------------------------------
 Cantidad de Pedidos en Preparacion: 46
 Cantidad de Pedidos en Transicion: 1
 Cantidad de Pedidos por Entregar: 34
 Cantidad de Pedidos Fallidos: 64
 Cantidad de Pedidos Verificados: 177
------------------------------------
 Cantidad de Pedidos en Preparacion: 47
 Cantidad de Pedidos en Transicion: 2
 Cantidad de Pedidos por Entregar: 34
 Cantidad de Pedidos Fallidos: 65
 Cantidad de Pedidos Verificados: 181
------------------------------------
 Cantidad de Pedidos en Preparacion: 44
 Cantidad de Pedidos en Transicion: 0
 Cantidad de Pedidos por Entregar: 35
 Cantidad de Pedidos Fallidos: 68
 Cantidad de Pedidos Verificados: 185
------------------------------------
 Cantidad de Pedidos en Preparacion: 44
 Cantidad de Pedidos en Transicion: 0
 Cantidad de Pedidos por Entregar: 37
 Cantidad de Pedidos Fallidos: 71
 Cantidad de Pedidos Verificados: 188
------------------------------------
 Cantidad de Pedidos en Preparacion: 42
 Cantidad de Pedidos en Transicion: 2
 Cantidad de Pedidos por Entregar: 34
 Cantidad de Pedidos Fallidos: 73
 Cantidad de Pedidos Verificados: 193
------------------------------------
 Cantidad de Pedidos en Preparacion: 42
 Cantidad de Pedidos en Transicion: 0
 Cantidad de Pedidos por Entregar: 36
 Cantidad de Pedidos Fallidos: 75
 Cantidad de Pedidos Verificados: 197
------------------------------------
 Cantidad de Pedidos en Preparacion: 43
 Cantidad de Pedidos en Transicion: 1
 Cantidad de Pedidos por Entregar: 37
 Cantidad de Pedidos Fallidos: 77
 Cantidad de Pedidos Verificados: 201
------------------------------------
 Cantidad de Pedidos en Preparacion: 43
 Cantidad de Pedidos en Transicion: 2
 Cantidad de Pedidos por Entregar: 38
 Cantidad de Pedidos Fallidos: 77
 Cantidad de Pedidos Verificados: 205
------------------------------------
 Cantidad de Pedidos en Preparacion: 44
 Cantidad de Pedidos en Transicion: 0
 Cantidad de Pedidos por Entregar: 41
 Cantidad de Pedidos Fallidos: 78
 Cantidad de Pedidos Verificados: 209
------------------------------------
 Cantidad de Pedidos en Preparacion: 44
 Cantidad de Pedidos en Transicion: 1
 Cantidad de Pedidos por Entregar: 40
 Cantidad de Pedidos Fallidos: 80
 Cantidad de Pedidos Verificados: 213
------------------------------------
 Cantidad de Pedidos en Preparacion: 42
 Cantidad de Pedidos en Transicion: 2
 Cantidad de Pedidos por Entregar: 41
 Cantidad de Pedidos Fallidos: 80
 Cantidad de Pedidos Verificados: 219
------------------------------------
 Cantidad de Pedidos en Preparacion: 42
 Cantidad de Pedidos en Transicion: 0
 Cantidad de Pedidos por Entregar: 44
 Cantidad de Pedidos Fallidos: 81
 Cantidad de Pedidos Verificados: 223
------------------------------------
 Cantidad de Pedidos en Preparacion: 42
 Cantidad de Pedidos en Transicion: 2
 Cantidad de Pedidos por Entregar: 44
 Cantidad de Pedidos Fallidos: 84
 Cantidad de Pedidos Verificados: 226
------------------------------------
 Cantidad de Pedidos en Preparacion: 41
 Cantidad de Pedidos en Transicion: 2
 Cantidad de Pedidos por Entregar: 44
 Cantidad de Pedidos Fallidos: 84
 Cantidad de Pedidos Verificados: 232
------------------------------------
 Cantidad de Pedidos en Preparacion: 39
 Cantidad de Pedidos en Transicion: 0
 Cantidad de Pedidos por Entregar: 47
 Cantidad de Pedidos Fallidos: 85
 Cantidad de Pedidos Verificados: 236
------------------------------------
 Cantidad de Pedidos en Preparacion: 39
 Cantidad de Pedidos en Transicion: 0
 Cantidad de Pedidos por Entregar: 50
 Cantidad de Pedidos Fallidos: 87
 Cantidad de Pedidos Verificados: 239
------------------------------------
 Cantidad de Pedidos en Preparacion: 41
 Cantidad de Pedidos en Transicion: 2
 Cantidad de Pedidos por Entregar: 49
 Cantidad de Pedidos Fallidos: 88
 Cantidad de Pedidos Verificados: 243
------------------------------------
 Cantidad de Pedidos en Preparacion: 39
 Cantidad de Pedidos en Transicion: 0
 Cantidad de Pedidos por Entregar: 53
 Cantidad de Pedidos Fallidos: 88
 Cantidad de Pedidos Verificados: 247
------------------------------------
 Cantidad de Pedidos en Preparacion: 39
 Cantidad de Pedidos en Transicion: 2
 Cantidad de Pedidos por Entregar: 54
 Cantidad de Pedidos Fallidos: 88
 Cantidad de Pedidos Verificados: 253
------------------------------------
 Cantidad de Pedidos en Preparacion: 36
 Cantidad de Pedidos en Transicion: 2
 Cantidad de Pedidos por Entregar: 54
 Cantidad de Pedidos Fallidos: 89
 Cantidad de Pedidos Verificados: 257
------------------------------------
 Cantidad de Pedidos en Preparacion: 33
 Cantidad de Pedidos en Transicion: 0
 Cantidad de Pedidos por Entregar: 56
 Cantidad de Pedidos Fallidos: 91
 Cantidad de Pedidos Verificados: 261
------------------------------------
 Cantidad de Pedidos en Preparacion: 32
 Cantidad de Pedidos en Transicion: 2
 Cantidad de Pedidos por Entregar: 56
 Cantidad de Pedidos Fallidos: 91
 Cantidad de Pedidos Verificados: 265
------------------------------------
 Cantidad de Pedidos en Preparacion: 31
 Cantidad de Pedidos en Transicion: 2
 Cantidad de Pedidos por Entregar: 58
 Cantidad de Pedidos Fallidos: 93
 Cantidad de Pedidos Verificados: 269
------------------------------------
 Cantidad de Pedidos en Preparacion: 30
 Cantidad de Pedidos en Transicion: 0
 Cantidad de Pedidos por Entregar: 61
 Cantidad de Pedidos Fallidos: 94
 Cantidad de Pedidos Verificados: 273
------------------------------------
 Cantidad de Pedidos en Preparacion: 32
 Cantidad de Pedidos en Transicion: 1
 Cantidad de Pedidos por Entregar: 59
 Cantidad de Pedidos Fallidos: 95
 Cantidad de Pedidos Verificados: 279
------------------------------------
 Cantidad de Pedidos en Preparacion: 30
 Cantidad de Pedidos en Transicion: 0
 Cantidad de Pedidos por Entregar: 61
 Cantidad de Pedidos Fallidos: 96
 Cantidad de Pedidos Verificados: 283
------------------------------------
 Cantidad de Pedidos en Preparacion: 27
 Cantidad de Pedidos en Transicion: 3
 Cantidad de Pedidos por Entregar: 62
 Cantidad de Pedidos Fallidos: 96
 Cantidad de Pedidos Verificados: 287
------------------------------------
 Cantidad de Pedidos en Preparacion: 25
 Cantidad de Pedidos en Transicion: 2
 Cantidad de Pedidos por Entregar: 64
 Cantidad de Pedidos Fallidos: 97
 Cantidad de Pedidos Verificados: 291
------------------------------------
 Cantidad de Pedidos en Preparacion: 23
 Cantidad de Pedidos en Transicion: 0
 Cantidad de Pedidos por Entregar: 66
 Cantidad de Pedidos Fallidos: 99
 Cantidad de Pedidos Verificados: 295
------------------------------------
 Cantidad de Pedidos en Preparacion: 23
 Cantidad de Pedidos en Transicion: 3
 Cantidad de Pedidos por Entregar: 64
 Cantidad de Pedidos Fallidos: 100
 Cantidad de Pedidos Verificados: 301
------------------------------------
 Cantidad de Pedidos en Preparacion: 20
 Cantidad de Pedidos en Transicion: 2
 Cantidad de Pedidos por Entregar: 67
 Cantidad de Pedidos Fallidos: 100
 Cantidad de Pedidos Verificados: 305
------------------------------------
 Cantidad de Pedidos en Preparacion: 20
 Cantidad de Pedidos en Transicion: 0
 Cantidad de Pedidos por Entregar: 69
 Cantidad de Pedidos Fallidos: 102
 Cantidad de Pedidos Verificados: 309
------------------------------------
 Cantidad de Pedidos en Preparacion: 14
 Cantidad de Pedidos en Transicion: 1
 Cantidad de Pedidos por Entregar: 69
 Cantidad de Pedidos Fallidos: 104
 Cantidad de Pedidos Verificados: 312
------------------------------------
 Cantidad de Pedidos en Preparacion: 8
 Cantidad de Pedidos en Transicion: 2
 Cantidad de Pedidos por Entregar: 72
 Cantidad de Pedidos Fallidos: 104
 Cantidad de Pedidos Verificados: 316
------------------------------------
 Cantidad de Pedidos en Preparacion: 0
 Cantidad de Pedidos en Transicion: 3
 Cantidad de Pedidos por Entregar: 73
 Cantidad de Pedidos Fallidos: 104
 Cantidad de Pedidos Verificados: 320
------------------------------------
 Cantidad de Pedidos en Preparacion: 0
 Cantidad de Pedidos en Transicion: 0
 Cantidad de Pedidos por Entregar: 69
 Cantidad de Pedidos Fallidos: 105
 Cantidad de Pedidos Verificados: 326
------------------------------------
 Cantidad de Pedidos en Preparacion: 0
 Cantidad de Pedidos en Transicion: 0
 Cantidad de Pedidos por Entregar: 65
 Cantidad de Pedidos Fallidos: 106
 Cantidad de Pedidos Verificados: 329
------------------------------------
 Cantidad de Pedidos en Preparacion: 0
 Cantidad de Pedidos en Transicion: 0
 Cantidad de Pedidos por Entregar: 61
 Cantidad de Pedidos Fallidos: 106
 Cantidad de Pedidos Verificados: 333
------------------------------------
 Cantidad de Pedidos en Preparacion: 0
 Cantidad de Pedidos en Transicion: 0
 Cantidad de Pedidos por Entregar: 57
 Cantidad de Pedidos Fallidos: 106
 Cantidad de Pedidos Verificados: 337
------------------------------------
 Cantidad de Pedidos en Preparacion: 0
 Cantidad de Pedidos en Transicion: 0
 Cantidad de Pedidos por Entregar: 53
 Cantidad de Pedidos Fallidos: 106
 Cantidad de Pedidos Verificados: 341
------------------------------------
 Cantidad de Pedidos en Preparacion: 0
 Cantidad de Pedidos en Transicion: 0
 Cantidad de Pedidos por Entregar: 47
 Cantidad de Pedidos Fallidos: 106
 Cantidad de Pedidos Verificados: 347
------------------------------------
 Cantidad de Pedidos en Preparacion: 0
 Cantidad de Pedidos en Transicion: 0
 Cantidad de Pedidos por Entregar: 43
 Cantidad de Pedidos Fallidos: 106
 Cantidad de Pedidos Verificados: 351
------------------------------------
 Cantidad de Pedidos en Preparacion: 0
 Cantidad de Pedidos en Transicion: 0
 Cantidad de Pedidos por Entregar: 39
 Cantidad de Pedidos Fallidos: 106
 Cantidad de Pedidos Verificados: 355
------------------------------------
 Cantidad de Pedidos en Preparacion: 0
 Cantidad de Pedidos en Transicion: 0
 Cantidad de Pedidos por Entregar: 35
 Cantidad de Pedidos Fallidos: 107
 Cantidad de Pedidos Verificados: 358
------------------------------------
 Cantidad de Pedidos en Preparacion: 0
 Cantidad de Pedidos en Transicion: 0
 Cantidad de Pedidos por Entregar: 31
 Cantidad de Pedidos Fallidos: 107
 Cantidad de Pedidos Verificados: 362
------------------------------------
 Cantidad de Pedidos en Preparacion: 0
 Cantidad de Pedidos en Transicion: 0
 Cantidad de Pedidos por Entregar: 27
 Cantidad de Pedidos Fallidos: 110
 Cantidad de Pedidos Verificados: 363
------------------------------------
 Cantidad de Pedidos en Preparacion: 0
 Cantidad de Pedidos en Transicion: 0
 Cantidad de Pedidos por Entregar: 22
 Cantidad de Pedidos Fallidos: 110
 Cantidad de Pedidos Verificados: 368
------------------------------------
 Cantidad de Pedidos en Preparacion: 0
 Cantidad de Pedidos en Transicion: 0
 Cantidad de Pedidos por Entregar: 17
 Cantidad de Pedidos Fallidos: 110
 Cantidad de Pedidos Verificados: 373
------------------------------------
 Cantidad de Pedidos en Preparacion: 0
 Cantidad de Pedidos en Transicion: 0
 Cantidad de Pedidos por Entregar: 13
 Cantidad de Pedidos Fallidos: 111
 Cantidad de Pedidos Verificados: 376
------------------------------------
 Cantidad de Pedidos en Preparacion: 0
 Cantidad de Pedidos en Transicion: 0
 Cantidad de Pedidos por Entregar: 9
 Cantidad de Pedidos Fallidos: 111
 Cantidad de Pedidos Verificados: 380
------------------------------------
 Cantidad de Pedidos en Preparacion: 0
 Cantidad de Pedidos en Transicion: 0
 Cantidad de Pedidos por Entregar: 5
 Cantidad de Pedidos Fallidos: 112
 Cantidad de Pedidos Verificados: 383
------------------------------------
 Cantidad de Pedidos en Preparacion: 0
 Cantidad de Pedidos en Transicion: 0
 Cantidad de Pedidos por Entregar: 1
 Cantidad de Pedidos Fallidos: 112
 Cantidad de Pedidos Verificados: 387
------------------------------------
 Cantidad de Pedidos en Preparacion: 0
 Cantidad de Pedidos en Transicion: 0
 Cantidad de Pedidos por Entregados: 0
 Cantidad de Pedidos Fallidos: 112
 Cantidad de Pedidos Verificados: 388
------------------------------------

 4 4 3 3 4 3 2 2 4 3 4 4 4 3 2 1 3 2 1 1
 5 1 4 1 1 3 2 3 6 1 1 2 1 6 3 2 2 1 2 1
 0 2 2 3 4 1 1 1 2 1 1 4 0 2 3 4 2 3 2 5
 7 2 2 4 4 2 2 1 2 3 2 2 1 2 3 2 2 2 2 4
 0 1 3 1 3 3 3 1 4 2 2 2 2 5 6 1 1 2 1 5
 4 2 1 6 5 1 1 2 5 1 6 7 1 1 2 3 3 3 2 2
 3 1 1 3 2 4 2 5 4 3 1 2 3 2 2 6 1 1 2 1
 4 1 1 1 3 4 3 2 1 1 3 3 1 4 1 2 2 1 1 4
 1 3 3 1 5 3 2 1 1 3 1 4 2 6 1 3 1 2 2 2
 3 5 3 4 1 4 4 2 1 3 4 1 2 1 2 2 6 4 2 2

------Tiempo de ejecución: 19301 ms------
